<?xml version="1.0" encoding="UTF-8"?>
<!-- Generated by org.testng.reporters.JUnitXMLReporter -->
<testsuite ignored="3" hostname="LNAR-5CG2220YMG" failures="0" tests="1" name="Default test" time="5.491" errors="0" timestamp="2025-07-22T14:07:03 EDT">
  <testcase classname="com.qa.swag.tests.CartPageTest" name="getPageUrlTest" time="0.017"/>
  <testcase classname="com.qa.swag.tests.CartPageTest" name="getCheckCart" time="0.0">
    <ignored/>
  </testcase> <!-- getCheckCart -->
  <testcase classname="com.qa.swag.tests.CartPageTest" name="getPageTitleTest" time="0.0">
    <ignored/>
  </testcase> <!-- getPageTitleTest -->
  <testcase classname="com.qa.swag.tests.CartPageTest" name="getPageHeaderTitleTest" time="0.0">
    <ignored/>
  </testcase> <!-- getPageHeaderTitleTest -->
</testsuite> <!-- Default test -->
