<?xml version="1.0" encoding="UTF-8"?>
<!-- Generated by org.testng.reporters.JUnitXMLReporter -->
<testsuite ignored="0" hostname="LNAR-5CG2220YMG" failures="0" tests="11" name="Inventory Page Test" time="0.777" errors="0" timestamp="2025-07-29T23:16:01 EDT">
  <testcase classname="com.qa.swag.base.BaseTest" name="@BeforeTest setUp" time="0.145">
    <failure type="com.qa.swag.exception.FrameworkException" message="WRONG ENV NAME IS PASSED">
      <![CDATA[com.qa.swag.exception.FrameworkException: WRONG ENV NAME IS PASSED
at com.qa.swag.Factory.DriverFactory.initProp(DriverFactory.java:113)
at com.qa.swag.base.BaseTest.setUp(BaseTest.java:33)
at java.base/java.util.concurrent.FutureTask.run(FutureTask.java:264)
at java.base/java.util.concurrent.ThreadPoolExecutor.runWorker(ThreadPoolExecutor.java:1128)
at java.base/java.util.concurrent.ThreadPoolExecutor$Worker.run(ThreadPoolExecutor.java:628)
at java.base/java.lang.Thread.run(Thread.java:829)
... Removed 15 stack frames]]>
    </failure>
  </testcase> <!-- @BeforeTest setUp -->
  <testcase classname="com.qa.swag.tests.InventoryPageTest" name="@BeforeClass pageSetUp" time="-1.753845360991E9">
    <skipped/>
  </testcase> <!-- @BeforeClass pageSetUp -->
  <testcase classname="com.qa.swag.base.BaseTest" name="@AfterTest tearDown" time="-1.753845361138E9">
    <skipped/>
  </testcase> <!-- @AfterTest tearDown -->
  <testcase classname="com.qa.swag.tests.InventoryPageTest" name="getCheckifCartUpdated" time="0.0">
    <skipped/>
  </testcase> <!-- getCheckifCartUpdated -->
  <testcase classname="com.qa.swag.tests.LoginPageTest" name="LogoExistTest" time="0.0">
    <skipped/>
  </testcase> <!-- LogoExistTest -->
  <testcase classname="com.qa.swag.tests.LoginPageTest" name="doLoginTest" time="0.0">
    <skipped/>
  </testcase> <!-- doLoginTest -->
  <testcase classname="com.qa.swag.tests.InventoryPageTest" name="getItemCheckinCartTest" time="0.0">
    <skipped/>
  </testcase> <!-- getItemCheckinCartTest -->
  <testcase classname="com.qa.swag.tests.LoginPageTest" name="pageTitleTest" time="0.0">
    <skipped/>
  </testcase> <!-- pageTitleTest -->
  <testcase classname="com.qa.swag.tests.InventoryPageTest" name="getItemSortTest" time="0.0">
    <skipped/>
  </testcase> <!-- getItemSortTest -->
  <testcase classname="com.qa.swag.tests.InventoryPageTest" name="getItemTest" time="0.0">
    <skipped/>
  </testcase> <!-- getItemTest -->
  <testcase classname="com.qa.swag.tests.InventoryPageTest" name="getLogoTitletest" time="0.0">
    <skipped/>
  </testcase> <!-- getLogoTitletest -->
  <testcase classname="com.qa.swag.tests.InventoryPageTest" name="getPageTitleTest" time="0.0">
    <skipped/>
  </testcase> <!-- getPageTitleTest -->
  <testcase classname="com.qa.swag.tests.InventoryPageTest" name="getPartialUrlTest" time="0.0">
    <skipped/>
  </testcase> <!-- getPartialUrlTest -->
  <testcase classname="com.qa.swag.tests.InventoryPageTest" name="getToCartShoppingPage" time="0.0">
    <skipped/>
  </testcase> <!-- getToCartShoppingPage -->
</testsuite> <!-- Inventory Page Test -->
