<?xml version="1.0" encoding="UTF-8"?>
<testsuite xmlns:xsi="http://www.w3.org/2001/XMLSchema-instance" xsi:noNamespaceSchemaLocation="https://maven.apache.org/surefire/maven-surefire-plugin/xsd/surefire-test-report.xsd" name="TestSuite" time="3.399" tests="16" errors="0" skipped="14" failures="2">
  <properties>
[...]
</properties>
  <testcase name="setUp" classname="com.qa.swag.tests.InventoryPageTest" time="2.47">
    <failure message="WRONG ENV NAME IS PASSED" type="com.qa.swag.exception.FrameworkException">com.qa.swag.exception.FrameworkException: WRONG ENV NAME IS PASSED
</failure>
    <system-out><![CDATA[...
... TestNG 7.0.0 by CÃ©dric Beust (cedric@beust.com)
...

I am in onStart method Login Page Test
Test Suite started!
I am in onStart method Inventory Page Test
Test Suite started!
Running testcases on Env stageeeee
Running testcases on Env stageeeee
Wrong envrionmnet is passed..... No need to run the test cases
Wrong envrionmnet is passed..... No need to run the test cases
]]></system-out>
    <system-err><![CDATA[SLF4J: Failed to load class "org.slf4j.impl.StaticLoggerBinder".
SLF4J: Defaulting to no-operation (NOP) logger implementation
SLF4J: See http://www.slf4j.org/codes.html#StaticLoggerBinder for further details.
]]></system-err>
  </testcase>
  <testcase name="setUp" classname="com.qa.swag.tests.LoginPageTest" time="2.47">
    <failure message="WRONG ENV NAME IS PASSED" type="com.qa.swag.exception.FrameworkException">com.qa.swag.exception.FrameworkException: WRONG ENV NAME IS PASSED
</failure>
  </testcase>
  <testcase name="pageSetUp" classname="com.qa.swag.tests.InventoryPageTest" time="0">
    <skipped/>
  </testcase>
  <testcase name="LogoExistTest" classname="com.qa.swag.tests.LoginPageTest" time="0">
    <skipped message="WRONG ENV NAME IS PASSED"/>
    <system-out><![CDATA[I am in onTestStart method LogoExistTest start
I am in onTestStart method getCheckifCartUpdated start
LogoExistTest started!
getCheckifCartUpdated started!
]]></system-out>
  </testcase>
  <testcase name="getCheckifCartUpdated" classname="com.qa.swag.tests.InventoryPageTest" time="0">
    <skipped message="WRONG ENV NAME IS PASSED"/>
  </testcase>
  <testcase name="doLoginTest" classname="com.qa.swag.tests.LoginPageTest" time="0">
    <skipped message="WRONG ENV NAME IS PASSED"/>
    <system-out><![CDATA[I am in onTestSkipped method getCheckifCartUpdated skipped
getCheckifCartUpdated skipped!
I am in onTestSkipped method LogoExistTest skipped
LogoExistTest skipped!
I am in onTestStart method doLoginTest start
doLoginTest started!
]]></system-out>
  </testcase>
  <testcase name="pageTitleTest" classname="com.qa.swag.tests.LoginPageTest" time="0">
    <skipped message="WRONG ENV NAME IS PASSED"/>
    <system-out><![CDATA[I am in onTestSkipped method doLoginTest skipped
doLoginTest skipped!
I am in onTestStart method pageTitleTest start
pageTitleTest started!
]]></system-out>
  </testcase>
  <testcase name="getItemCheckinCartTest" classname="com.qa.swag.tests.InventoryPageTest" time="0">
    <skipped message="WRONG ENV NAME IS PASSED"/>
    <system-out><![CDATA[I am in onTestStart method getItemCheckinCartTest start
getItemCheckinCartTest started!
]]></system-out>
  </testcase>
  <testcase name="tearDown" classname="com.qa.swag.tests.LoginPageTest" time="0">
    <skipped/>
    <system-out><![CDATA[I am in onTestSkipped method pageTitleTest skipped
pageTitleTest skipped!
I am in onTestSkipped method getItemCheckinCartTest skipped
getItemCheckinCartTest skipped!
]]></system-out>
  </testcase>
  <testcase name="getItemSortTest" classname="com.qa.swag.tests.InventoryPageTest" time="0">
    <skipped message="WRONG ENV NAME IS PASSED"/>
    <system-out><![CDATA[I am in onTestStart method getItemSortTest start
getItemSortTest started!
]]></system-out>
  </testcase>
  <testcase name="getItemTest" classname="com.qa.swag.tests.InventoryPageTest" time="0">
    <skipped message="WRONG ENV NAME IS PASSED"/>
    <system-out><![CDATA[I am in onTestSkipped method getItemSortTest skipped
getItemSortTest skipped!
I am in onTestStart method getItemTest start
getItemTest started!
]]></system-out>
  </testcase>
  <testcase name="getLogoTitletest" classname="com.qa.swag.tests.InventoryPageTest" time="0">
    <skipped message="WRONG ENV NAME IS PASSED"/>
    <system-out><![CDATA[I am in onTestSkipped method getItemTest skipped
getItemTest skipped!
I am in onTestStart method getLogoTitletest start
getLogoTitletest started!
]]></system-out>
  </testcase>
  <testcase name="getPageTitleTest" classname="com.qa.swag.tests.InventoryPageTest" time="0">
    <skipped message="WRONG ENV NAME IS PASSED"/>
    <system-out><![CDATA[I am in onTestSkipped method getLogoTitletest skipped
getLogoTitletest skipped!
I am in onTestStart method getPageTitleTest start
getPageTitleTest started!
]]></system-out>
  </testcase>
  <testcase name="getPartialUrlTest" classname="com.qa.swag.tests.InventoryPageTest" time="0">
    <skipped message="WRONG ENV NAME IS PASSED"/>
    <system-out><![CDATA[I am in onTestSkipped method getPageTitleTest skipped
getPageTitleTest skipped!
I am in onTestStart method getPartialUrlTest start
getPartialUrlTest started!
]]></system-out>
  </testcase>
  <testcase name="getToCartShoppingPage" classname="com.qa.swag.tests.InventoryPageTest" time="0">
    <skipped message="WRONG ENV NAME IS PASSED"/>
    <system-out><![CDATA[I am in onTestSkipped method getPartialUrlTest skipped
getPartialUrlTest skipped!
I am in onTestStart method getToCartShoppingPage start
getToCartShoppingPage started!
]]></system-out>
  </testcase>
  <testcase name="tearDown" classname="com.qa.swag.tests.InventoryPageTest" time="0">
    <skipped/>
    <system-out><![CDATA[I am in onTestSkipped method getToCartShoppingPage skipped
getToCartShoppingPage skipped!
]]></system-out>
  </testcase>
</testsuite>