<?xml version="1.0" encoding="UTF-8"?>
<!-- Generated by org.testng.reporters.JUnitXMLReporter -->
<testsuite ignored="0" hostname="LNAR-5CG2220YMG" failures="0" tests="4" name="Cart Page Test" time="5.658" errors="0" timestamp="2025-07-26T01:22:49 EDT">
  <testcase classname="com.qa.swag.tests.CartPageTest" name="getCheckCart" time="0.069"/>
  <testcase classname="com.qa.swag.tests.CartPageTest" name="getPageHeaderTitleTest" time="0.03"/>
  <testcase classname="com.qa.swag.tests.CartPageTest" name="getPageTitleTest" time="0.021"/>
  <testcase classname="com.qa.swag.tests.CartPageTest" name="getPageUrlTest" time="0.012"/>
</testsuite> <!-- Cart Page Test -->
